[debug] [2026-06-18T04:53:07.613Z] ----------------------------------------------------------------------
[debug] [2026-06-18T04:53:07.617Z] Command:       C:\Program Files\nodejs\node.exe C:\Users\suresh.kanzariya\AppData\Local\npm-cache\_npx\ba4f1959e38407b5\node_modules\firebase-tools\lib\bin\firebase.js deploy --only hosting --debug
[debug] [2026-06-18T04:53:07.618Z] CLI Version:   15.21.0
[debug] [2026-06-18T04:53:07.618Z] Platform:      win32
[debug] [2026-06-18T04:53:07.618Z] Node Version:  v22.14.0
[debug] [2026-06-18T04:53:07.619Z] Detected Agent: github_copilot_vscode_agent
[debug] [2026-06-18T04:53:07.619Z] Time:          Thu Jun 18 2026 10:23:07 GMT+0530 (India Standard Time)
[debug] [2026-06-18T04:53:07.619Z] ----------------------------------------------------------------------
[debug] 
[debug] [2026-06-18T04:53:11.554Z] > command requires scopes: ["email","openid","https://www.googleapis.com/auth/cloudplatformprojects.readonly","https://www.googleapis.com/auth/firebase","https://www.googleapis.com/auth/cloud-platform"]
[debug] [2026-06-18T04:53:11.557Z] > authorizing via signed-in user (skanzariya0493@gmail.com)
[debug] [2026-06-18T04:53:11.557Z] [iam] checking project fir-frontend-b63ea for permissions ["firebase.projects.get","firebasehosting.sites.update"]
[debug] [2026-06-18T04:53:11.560Z] Checked if tokens are valid: false, expires at: 1781706621326
[debug] [2026-06-18T04:53:11.560Z] Checked if tokens are valid: false, expires at: 1781706621326
[debug] [2026-06-18T04:53:11.560Z] > refreshing access token with scopes: []
[debug] [2026-06-18T04:53:11.563Z] >>> [apiv2][query] POST https://www.googleapis.com/oauth2/v3/token [none]
[debug] [2026-06-18T04:53:11.564Z] >>> [apiv2][body] POST https://www.googleapis.com/oauth2/v3/token [omitted]
[debug] [2026-06-18T04:53:11.796Z] <<< [apiv2][status] POST https://www.googleapis.com/oauth2/v3/token 200
[debug] [2026-06-18T04:53:11.797Z] <<< [apiv2][body] POST https://www.googleapis.com/oauth2/v3/token [omitted]
[debug] [2026-06-18T04:53:11.817Z] >>> [apiv2][query] POST https://cloudresourcemanager.googleapis.com/v1/projects/fir-frontend-b63ea:testIamPermissions [none]
[debug] [2026-06-18T04:53:11.818Z] >>> [apiv2][(partial)header] POST https://cloudresourcemanager.googleapis.com/v1/projects/fir-frontend-b63ea:testIamPermissions  x-goog-user-project=fir-frontend-b63ea
[debug] [2026-06-18T04:53:11.819Z] >>> [apiv2][body] POST https://cloudresourcemanager.googleapis.com/v1/projects/fir-frontend-b63ea:testIamPermissions {"permissions":["firebase.projects.get","firebasehosting.sites.update"]}
[debug] [2026-06-18T04:53:13.440Z] <<< [apiv2][status] POST https://cloudresourcemanager.googleapis.com/v1/projects/fir-frontend-b63ea:testIamPermissions 200
[debug] [2026-06-18T04:53:13.441Z] <<< [apiv2][body] POST https://cloudresourcemanager.googleapis.com/v1/projects/fir-frontend-b63ea:testIamPermissions {"permissions":["firebase.projects.get","firebasehosting.sites.update"]}
[debug] [2026-06-18T04:53:13.442Z] Checked if tokens are valid: true, expires at: 1781761990797
[debug] [2026-06-18T04:53:13.442Z] Checked if tokens are valid: true, expires at: 1781761990797
[debug] [2026-06-18T04:53:13.443Z] >>> [apiv2][query] GET https://firebase.googleapis.com/v1beta1/projects/fir-frontend-b63ea [none]
[debug] [2026-06-18T04:53:14.078Z] <<< [apiv2][status] GET https://firebase.googleapis.com/v1beta1/projects/fir-frontend-b63ea 200
[debug] [2026-06-18T04:53:14.078Z] <<< [apiv2][body] GET https://firebase.googleapis.com/v1beta1/projects/fir-frontend-b63ea {"projectId":"fir-frontend-b63ea","projectNumber":"54984617558","displayName":"demo-frontend","name":"projects/fir-frontend-b63ea","resources":{"hostingSite":"fir-frontend-b63ea"},"state":"ACTIVE","etag":"1_c1177488-0672-45bf-b54c-51e6c180340b"}
[info] 
[info] === Deploying to 'fir-frontend-b63ea'...
[info] 
[info] i  deploying hosting 
[debug] [2026-06-18T04:53:14.084Z] Checked if tokens are valid: true, expires at: 1781761990797
[debug] [2026-06-18T04:53:14.084Z] Checked if tokens are valid: true, expires at: 1781761990797
[debug] [2026-06-18T04:53:14.084Z] >>> [apiv2][query] GET https://firebasehosting.googleapis.com/v1beta1/projects/fir-frontend-b63ea/sites/fir-frontend-b63ea [none]
[debug] [2026-06-18T04:53:15.507Z] <<< [apiv2][status] GET https://firebasehosting.googleapis.com/v1beta1/projects/fir-frontend-b63ea/sites/fir-frontend-b63ea 200
[debug] [2026-06-18T04:53:15.508Z] <<< [apiv2][body] GET https://firebasehosting.googleapis.com/v1beta1/projects/fir-frontend-b63ea/sites/fir-frontend-b63ea {"name":"projects/fir-frontend-b63ea/sites/fir-frontend-b63ea","defaultUrl":"https://fir-frontend-b63ea.web.app","type":"DEFAULT_SITE"}
[debug] [2026-06-18T04:53:15.511Z] Checked if tokens are valid: true, expires at: 1781761990797
[debug] [2026-06-18T04:53:15.512Z] Checked if tokens are valid: true, expires at: 1781761990797
[debug] [2026-06-18T04:53:15.512Z] >>> [apiv2][query] POST https://firebasehosting.googleapis.com/v1beta1/projects/-/sites/fir-frontend-b63ea/versions [none]
[debug] [2026-06-18T04:53:15.513Z] >>> [apiv2][body] POST https://firebasehosting.googleapis.com/v1beta1/projects/-/sites/fir-frontend-b63ea/versions {"status":"CREATED","labels":{"deployment-tool":"cli-firebase"}}
[debug] [2026-06-18T04:53:16.627Z] <<< [apiv2][status] POST https://firebasehosting.googleapis.com/v1beta1/projects/-/sites/fir-frontend-b63ea/versions 200
[debug] [2026-06-18T04:53:16.628Z] <<< [apiv2][body] POST https://firebasehosting.googleapis.com/v1beta1/projects/-/sites/fir-frontend-b63ea/versions {"name":"projects/54984617558/sites/fir-frontend-b63ea/versions/59e5f975b7b0837c","status":"CREATED","config":{},"labels":{"deployment-tool":"cli-firebase"}}
[info] i  hosting[fir-frontend-b63ea]: beginning deploy... 
[info] i  hosting[fir-frontend-b63ea]: found 7 files in dist/demo-frontend/browser 
[debug] [2026-06-18T04:53:16.648Z] [hosting] uploading with 200 concurrency
[debug] [2026-06-18T04:53:16.671Z] Checked if tokens are valid: true, expires at: 1781761990797
[debug] [2026-06-18T04:53:16.672Z] Checked if tokens are valid: true, expires at: 1781761990797
[debug] [2026-06-18T04:53:16.677Z] [hosting] hash cache [ZGlzdFxkZW1vLWZyb250ZW5kXGJyb3dzZXI] stored for 7 files
[debug] [2026-06-18T04:53:16.678Z] [hosting][hash queue][FINAL] {"max":17,"min":7,"avg":10.285714285714286,"active":0,"complete":7,"success":7,"errored":0,"retried":0,"total":7,"elapsed":28}
[debug] [2026-06-18T04:53:16.679Z] >>> [apiv2][query] POST https://firebasehosting.googleapis.com/v1beta1/projects/54984617558/sites/fir-frontend-b63ea/versions/59e5f975b7b0837c:populateFiles [none]
[debug] [2026-06-18T04:53:16.679Z] >>> [apiv2][body] POST https://firebasehosting.googleapis.com/v1beta1/projects/54984617558/sites/fir-frontend-b63ea/versions/59e5f975b7b0837c:populateFiles {"files":{"/styles.ef46db3751d8e999.css":"46b50c321b39e89a491b6727a01628c34245605a30beb3e7414c5e01cff90e6e","/runtime.9859b38e6c296035.js":"823b8de3397176fc23120e094dc9cbd4210242d591b5cf4aad2000bf3a3be72a","/index.html":"d5bd9ff52b961ab5642164d76cfbc9c685819fe9a23d916a9742566a61f1b5a4","/polyfills.80b021760abb7f5e.js":"7c0752574caf25b7012fe0efae37ecf3cb6dbd21902848e0b86d68fe56e0b7c9","/3rdpartylicenses.txt":"35658830370a76b28f57bdcb8c8617e95d59367ffcb1de979cc06111baa1a704","/favicon.ico":"a905b13e228420df3dbe746dfb656d37a49736494c0737d00e007c8dc7319912","/main.4d1ac955cf565dd6.js":"451e5d3801029ea5e9580ed892c54514d6cafcfca3605dc981dbbb472b547bce"}}
[debug] [2026-06-18T04:53:17.261Z] <<< [apiv2][status] POST https://firebasehosting.googleapis.com/v1beta1/projects/54984617558/sites/fir-frontend-b63ea/versions/59e5f975b7b0837c:populateFiles 200
[debug] [2026-06-18T04:53:17.261Z] <<< [apiv2][body] POST https://firebasehosting.googleapis.com/v1beta1/projects/54984617558/sites/fir-frontend-b63ea/versions/59e5f975b7b0837c:populateFiles {"uploadRequiredHashes":["823b8de3397176fc23120e094dc9cbd4210242d591b5cf4aad2000bf3a3be72a","d5bd9ff52b961ab5642164d76cfbc9c685819fe9a23d916a9742566a61f1b5a4","7c0752574caf25b7012fe0efae37ecf3cb6dbd21902848e0b86d68fe56e0b7c9","35658830370a76b28f57bdcb8c8617e95d59367ffcb1de979cc06111baa1a704","451e5d3801029ea5e9580ed892c54514d6cafcfca3605dc981dbbb472b547bce"],"uploadUrl":"https://upload-firebasehosting.googleapis.com/upload/sites/fir-frontend-b63ea/versions/59e5f975b7b0837c/files"}
[debug] [2026-06-18T04:53:17.262Z] Checked if tokens are valid: true, expires at: 1781761990797
[debug] [2026-06-18T04:53:17.263Z] Checked if tokens are valid: true, expires at: 1781761990797
[debug] [2026-06-18T04:53:17.263Z] Checked if tokens are valid: true, expires at: 1781761990797
[debug] [2026-06-18T04:53:17.263Z] Checked if tokens are valid: true, expires at: 1781761990797
[debug] [2026-06-18T04:53:17.264Z] Checked if tokens are valid: true, expires at: 1781761990797
[debug] [2026-06-18T04:53:17.264Z] Checked if tokens are valid: true, expires at: 1781761990797
[debug] [2026-06-18T04:53:17.265Z] Checked if tokens are valid: true, expires at: 1781761990797
[debug] [2026-06-18T04:53:17.265Z] Checked if tokens are valid: true, expires at: 1781761990797
[debug] [2026-06-18T04:53:17.266Z] Checked if tokens are valid: true, expires at: 1781761990797
[debug] [2026-06-18T04:53:17.266Z] Checked if tokens are valid: true, expires at: 1781761990797
[debug] [2026-06-18T04:53:17.266Z] >>> [apiv2][query] POST https://upload-firebasehosting.googleapis.com/upload/sites/fir-frontend-b63ea/versions/59e5f975b7b0837c/files/823b8de3397176fc23120e094dc9cbd4210242d591b5cf4aad2000bf3a3be72a [none]
[debug] [2026-06-18T04:53:17.267Z] >>> [apiv2][body] POST https://upload-firebasehosting.googleapis.com/upload/sites/fir-frontend-b63ea/versions/59e5f975b7b0837c/files/823b8de3397176fc23120e094dc9cbd4210242d591b5cf4aad2000bf3a3be72a [stream]
[debug] [2026-06-18T04:53:17.269Z] >>> [apiv2][query] POST https://upload-firebasehosting.googleapis.com/upload/sites/fir-frontend-b63ea/versions/59e5f975b7b0837c/files/d5bd9ff52b961ab5642164d76cfbc9c685819fe9a23d916a9742566a61f1b5a4 [none]
[debug] [2026-06-18T04:53:17.270Z] >>> [apiv2][body] POST https://upload-firebasehosting.googleapis.com/upload/sites/fir-frontend-b63ea/versions/59e5f975b7b0837c/files/d5bd9ff52b961ab5642164d76cfbc9c685819fe9a23d916a9742566a61f1b5a4 [stream]
[debug] [2026-06-18T04:53:17.272Z] >>> [apiv2][query] POST https://upload-firebasehosting.googleapis.com/upload/sites/fir-frontend-b63ea/versions/59e5f975b7b0837c/files/7c0752574caf25b7012fe0efae37ecf3cb6dbd21902848e0b86d68fe56e0b7c9 [none]
[debug] [2026-06-18T04:53:17.273Z] >>> [apiv2][body] POST https://upload-firebasehosting.googleapis.com/upload/sites/fir-frontend-b63ea/versions/59e5f975b7b0837c/files/7c0752574caf25b7012fe0efae37ecf3cb6dbd21902848e0b86d68fe56e0b7c9 [stream]
[debug] [2026-06-18T04:53:17.275Z] >>> [apiv2][query] POST https://upload-firebasehosting.googleapis.com/upload/sites/fir-frontend-b63ea/versions/59e5f975b7b0837c/files/35658830370a76b28f57bdcb8c8617e95d59367ffcb1de979cc06111baa1a704 [none]
[debug] [2026-06-18T04:53:17.275Z] >>> [apiv2][body] POST https://upload-firebasehosting.googleapis.com/upload/sites/fir-frontend-b63ea/versions/59e5f975b7b0837c/files/35658830370a76b28f57bdcb8c8617e95d59367ffcb1de979cc06111baa1a704 [stream]
[debug] [2026-06-18T04:53:17.277Z] >>> [apiv2][query] POST https://upload-firebasehosting.googleapis.com/upload/sites/fir-frontend-b63ea/versions/59e5f975b7b0837c/files/451e5d3801029ea5e9580ed892c54514d6cafcfca3605dc981dbbb472b547bce [none]
[debug] [2026-06-18T04:53:17.278Z] >>> [apiv2][body] POST https://upload-firebasehosting.googleapis.com/upload/sites/fir-frontend-b63ea/versions/59e5f975b7b0837c/files/451e5d3801029ea5e9580ed892c54514d6cafcfca3605dc981dbbb472b547bce [stream]
[debug] [2026-06-18T04:53:17.279Z] [hosting][populate queue][FINAL] {"max":595,"min":595,"avg":595,"active":0,"complete":1,"success":1,"errored":0,"retried":0,"total":1,"elapsed":608}
[debug] [2026-06-18T04:53:17.280Z] [hosting] uploads queued: 5
[info] i  hosting: uploading new files [0/5] (0%) 
[debug] [2026-06-18T04:53:18.997Z] <<< [apiv2][status] POST https://upload-firebasehosting.googleapis.com/upload/sites/fir-frontend-b63ea/versions/59e5f975b7b0837c/files/35658830370a76b28f57bdcb8c8617e95d59367ffcb1de979cc06111baa1a704 200
[debug] [2026-06-18T04:53:18.997Z] <<< [apiv2][body] POST https://upload-firebasehosting.googleapis.com/upload/sites/fir-frontend-b63ea/versions/59e5f975b7b0837c/files/35658830370a76b28f57bdcb8c8617e95d59367ffcb1de979cc06111baa1a704 [stream]
[debug] [2026-06-18T04:53:19.121Z] <<< [apiv2][status] POST https://upload-firebasehosting.googleapis.com/upload/sites/fir-frontend-b63ea/versions/59e5f975b7b0837c/files/823b8de3397176fc23120e094dc9cbd4210242d591b5cf4aad2000bf3a3be72a 200
[debug] [2026-06-18T04:53:19.121Z] <<< [apiv2][body] POST https://upload-firebasehosting.googleapis.com/upload/sites/fir-frontend-b63ea/versions/59e5f975b7b0837c/files/823b8de3397176fc23120e094dc9cbd4210242d591b5cf4aad2000bf3a3be72a [stream]
[debug] [2026-06-18T04:53:19.176Z] <<< [apiv2][status] POST https://upload-firebasehosting.googleapis.com/upload/sites/fir-frontend-b63ea/versions/59e5f975b7b0837c/files/d5bd9ff52b961ab5642164d76cfbc9c685819fe9a23d916a9742566a61f1b5a4 200
[debug] [2026-06-18T04:53:19.177Z] <<< [apiv2][body] POST https://upload-firebasehosting.googleapis.com/upload/sites/fir-frontend-b63ea/versions/59e5f975b7b0837c/files/d5bd9ff52b961ab5642164d76cfbc9c685819fe9a23d916a9742566a61f1b5a4 [stream]
[debug] [2026-06-18T04:53:19.184Z] <<< [apiv2][status] POST https://upload-firebasehosting.googleapis.com/upload/sites/fir-frontend-b63ea/versions/59e5f975b7b0837c/files/7c0752574caf25b7012fe0efae37ecf3cb6dbd21902848e0b86d68fe56e0b7c9 200
[debug] [2026-06-18T04:53:19.186Z] <<< [apiv2][body] POST https://upload-firebasehosting.googleapis.com/upload/sites/fir-frontend-b63ea/versions/59e5f975b7b0837c/files/7c0752574caf25b7012fe0efae37ecf3cb6dbd21902848e0b86d68fe56e0b7c9 [stream]
[debug] [2026-06-18T04:53:19.212Z] <<< [apiv2][status] POST https://upload-firebasehosting.googleapis.com/upload/sites/fir-frontend-b63ea/versions/59e5f975b7b0837c/files/451e5d3801029ea5e9580ed892c54514d6cafcfca3605dc981dbbb472b547bce 200
[debug] [2026-06-18T04:53:19.213Z] <<< [apiv2][body] POST https://upload-firebasehosting.googleapis.com/upload/sites/fir-frontend-b63ea/versions/59e5f975b7b0837c/files/451e5d3801029ea5e9580ed892c54514d6cafcfca3605dc981dbbb472b547bce [stream]
[debug] [2026-06-18T04:53:19.213Z] [hosting][upload queue][FINAL] {"max":1948,"min":1732,"avg":1875.4,"active":0,"complete":5,"success":5,"errored":0,"retried":0,"total":5,"elapsed":1951}
[info] i  hosting: upload complete 
[info] +  hosting[fir-frontend-b63ea]: file upload complete 
[debug] [2026-06-18T04:53:19.215Z] [hosting] deploy completed after 2583ms
[debug] [2026-06-18T04:53:19.215Z] [
  {
    "config": {
      "public": "dist/demo-frontend/browser",
      "ignore": [
        "firebase.json",
        "**/.*",
        "**/node_modules/**"
      ],
      "rewrites": [
        {
          "source": "**",
          "destination": "/index.html"
        }
      ],
      "site": "fir-frontend-b63ea"
    },
    "version": "projects/54984617558/sites/fir-frontend-b63ea/versions/59e5f975b7b0837c"
  }
]
[info] i  hosting[fir-frontend-b63ea]: finalizing version... 
[debug] [2026-06-18T04:53:19.218Z] Checked if tokens are valid: true, expires at: 1781761990797
[debug] [2026-06-18T04:53:19.219Z] Checked if tokens are valid: true, expires at: 1781761990797
[debug] [2026-06-18T04:53:19.219Z] >>> [apiv2][query] PATCH https://firebasehosting.googleapis.com/v1beta1/projects/-/sites/fir-frontend-b63ea/versions/59e5f975b7b0837c updateMask=status%2Cconfig
[debug] [2026-06-18T04:53:19.220Z] >>> [apiv2][body] PATCH https://firebasehosting.googleapis.com/v1beta1/projects/-/sites/fir-frontend-b63ea/versions/59e5f975b7b0837c {"status":"FINALIZED","config":{"rewrites":[{"glob":"**","path":"/index.html"}]}}
[debug] [2026-06-18T04:53:20.254Z] <<< [apiv2][status] PATCH https://firebasehosting.googleapis.com/v1beta1/projects/-/sites/fir-frontend-b63ea/versions/59e5f975b7b0837c 200
[debug] [2026-06-18T04:53:20.254Z] <<< [apiv2][body] PATCH https://firebasehosting.googleapis.com/v1beta1/projects/-/sites/fir-frontend-b63ea/versions/59e5f975b7b0837c {"name":"projects/54984617558/sites/fir-frontend-b63ea/versions/59e5f975b7b0837c","status":"FINALIZED","config":{"rewrites":[{"glob":"**","path":"/index.html"}]},"labels":{"deployment-tool":"cli-firebase"},"createTime":"2026-06-18T04:53:15.908198Z","createUser":{"email":"skanzariya0493@gmail.com"},"finalizeTime":"2026-06-18T04:53:20.031735Z","finalizeUser":{"email":"skanzariya0493@gmail.com"}}
[debug] [2026-06-18T04:53:20.255Z] [hosting] finalized version for fir-frontend-b63ea:[object Object]
[info] +  hosting[fir-frontend-b63ea]: version finalized 
[info] i  hosting[fir-frontend-b63ea]: releasing new version... 
[debug] [2026-06-18T04:53:20.256Z] Checked if tokens are valid: true, expires at: 1781761990797
[debug] [2026-06-18T04:53:20.256Z] Checked if tokens are valid: true, expires at: 1781761990797
[debug] [2026-06-18T04:53:20.257Z] >>> [apiv2][query] POST https://firebasehosting.googleapis.com/v1beta1/projects/-/sites/fir-frontend-b63ea/channels/live/releases versionName=projects%2F54984617558%2Fsites%2Ffir-frontend-b63ea%2Fversions%2F59e5f975b7b0837c
[debug] [2026-06-18T04:53:20.257Z] >>> [apiv2][body] POST https://firebasehosting.googleapis.com/v1beta1/projects/-/sites/fir-frontend-b63ea/channels/live/releases {}
[debug] [2026-06-18T04:53:21.196Z] <<< [apiv2][status] POST https://firebasehosting.googleapis.com/v1beta1/projects/-/sites/fir-frontend-b63ea/channels/live/releases 200
[debug] [2026-06-18T04:53:21.197Z] <<< [apiv2][body] POST https://firebasehosting.googleapis.com/v1beta1/projects/-/sites/fir-frontend-b63ea/channels/live/releases {"name":"projects/54984617558/sites/fir-frontend-b63ea/channels/live/releases/1781758400307000","version":{"name":"projects/54984617558/sites/fir-frontend-b63ea/versions/59e5f975b7b0837c","status":"FINALIZED","config":{"rewrites":[{"glob":"**","path":"/index.html"}]},"labels":{"deployment-tool":"cli-firebase"},"createTime":"2026-06-18T04:53:15.908198Z","createUser":{"email":"skanzariya0493@gmail.com","imageUrl":"https://lh3.googleusercontent.com/a/ACg8ocK25ifKFsuAhm8fp0Jhvv9HvtWboL2WNVITRnsgBOoiefVCqA=mo"},"finalizeTime":"2026-06-18T04:53:20.031735Z","finalizeUser":{"email":"skanzariya0493@gmail.com","imageUrl":"https://lh3.googleusercontent.com/a/ACg8ocK25ifKFsuAhm8fp0Jhvv9HvtWboL2WNVITRnsgBOoiefVCqA=mo"}},"type":"DEPLOY","releaseTime":"2026-06-18T04:53:20.307Z","releaseUser":{"email":"skanzariya0493@gmail.com","imageUrl":"https://lh3.googleusercontent.com/a/ACg8ocK25ifKFsuAhm8fp0Jhvv9HvtWboL2WNVITRnsgBOoiefVCqA=mo"}}
[debug] [2026-06-18T04:53:21.197Z] [hosting] release: {"name":"projects/54984617558/sites/fir-frontend-b63ea/channels/live/releases/1781758400307000","version":{"name":"projects/54984617558/sites/fir-frontend-b63ea/versions/59e5f975b7b0837c","status":"FINALIZED","config":{"rewrites":[{"glob":"**","path":"/index.html"}]},"labels":{"deployment-tool":"cli-firebase"},"createTime":"2026-06-18T04:53:15.908198Z","createUser":{"email":"skanzariya0493@gmail.com","imageUrl":"https://lh3.googleusercontent.com/a/ACg8ocK25ifKFsuAhm8fp0Jhvv9HvtWboL2WNVITRnsgBOoiefVCqA=mo"},"finalizeTime":"2026-06-18T04:53:20.031735Z","finalizeUser":{"email":"skanzariya0493@gmail.com","imageUrl":"https://lh3.googleusercontent.com/a/ACg8ocK25ifKFsuAhm8fp0Jhvv9HvtWboL2WNVITRnsgBOoiefVCqA=mo"}},"type":"DEPLOY","releaseTime":"2026-06-18T04:53:20.307Z","releaseUser":{"email":"skanzariya0493@gmail.com","imageUrl":"https://lh3.googleusercontent.com/a/ACg8ocK25ifKFsuAhm8fp0Jhvv9HvtWboL2WNVITRnsgBOoiefVCqA=mo"}}
[info] +  hosting[fir-frontend-b63ea]: release complete 
[info] 
[info] +  Deploy complete! 
[info] 
[info] Project Console: https://console.firebase.google.com/project/fir-frontend-b63ea/overview
[info] Hosting URL: https://fir-frontend-b63ea.web.app
